<?xml version="1.0" encoding="UTF-8"?>
<testng-results skipped="0" failed="0" ignored="0" total="1" passed="1">
  <reporter-output>
  </reporter-output>
  <suite name="Suite" duration-ms="2074" started-at="2018-10-19T13:50:20Z" finished-at="2018-10-19T13:50:22Z">
    <groups>
    </groups>
    <test name="Test" duration-ms="2074" started-at="2018-10-19T13:50:20Z" finished-at="2018-10-19T13:50:22Z">
      <class name="org.mmt.tests.VoucherTests">
        <test-method status="PASS" signature="test1(java.lang.String, java.lang.String)[pri:0, instance:org.mmt.tests.VoucherTests@4cc0edeb]" name="test1" duration-ms="2026" started-at="2018-10-19T13:50:20Z" data-provider="getVoucherData" finished-at="2018-10-19T13:50:22Z">
          <params>
            <param index="0">
              <value>
                <![CDATA[userUUID]]>
              </value>
            </param>
            <param index="1">
              <value>
                <![CDATA[UF5HN6KJOGH]]>
              </value>
            </param>
          </params>
          <reporter-output>
          </reporter-output>
        </test-method> <!-- test1 -->
      </class> <!-- org.mmt.tests.VoucherTests -->
    </test> <!-- Test -->
  </suite> <!-- Suite -->
</testng-results>
