<?xml version="1.0" encoding="UTF-8"?>
<testng-results skipped="0" failed="1" ignored="0" total="1" passed="0">
  <reporter-output>
  </reporter-output>
  <suite name="Suite" duration-ms="3579" started-at="2018-10-22T12:22:06Z" finished-at="2018-10-22T12:22:10Z">
    <groups>
    </groups>
    <test name="Test" duration-ms="3579" started-at="2018-10-22T12:22:06Z" finished-at="2018-10-22T12:22:10Z">
      <class name="org.mmt.tests.VoucherTests">
        <test-method status="FAIL" signature="getBasicUserInfoTest(java.lang.String, java.lang.String)[pri:0, instance:org.mmt.tests.VoucherTests@5c7fa833]" name="getBasicUserInfoTest" duration-ms="3544" started-at="2018-10-22T12:22:06Z" data-provider="getVoucherData" finished-at="2018-10-22T12:22:10Z">
          <params>
            <param index="0">
              <value>
                <![CDATA[userUUID]]>
              </value>
            </param>
            <param index="1">
              <value>
                <![CDATA[UF5HN6KJOGH]]>
              </value>
            </param>
          </params>
          <exception class="java.lang.NullPointerException">
            <full-stacktrace>
              <![CDATA[java.lang.NullPointerException
at org.mmt.utils.GeneralUtils.executeSql(GeneralUtils.java:55)
at org.mmt.tests.VoucherTests.getBasicUserInfoTest(VoucherTests.java:37)
at sun.reflect.NativeMethodAccessorImpl.invoke0(Native Method)
at sun.reflect.NativeMethodAccessorImpl.invoke(NativeMethodAccessorImpl.java:62)
at sun.reflect.DelegatingMethodAccessorImpl.invoke(DelegatingMethodAccessorImpl.java:43)
at java.lang.reflect.Method.invoke(Method.java:497)
at org.testng.internal.MethodInvocationHelper.invokeMethod(MethodInvocationHelper.java:124)
at org.testng.internal.Invoker.invokeMethod(Invoker.java:583)
at org.testng.internal.Invoker.invokeTestMethod(Invoker.java:719)
at org.testng.internal.Invoker.invokeTestMethods(Invoker.java:989)
at org.testng.internal.TestMethodWorker.invokeTestMethods(TestMethodWorker.java:125)
at org.testng.internal.TestMethodWorker.run(TestMethodWorker.java:109)
at org.testng.TestRunner.privateRun(TestRunner.java:648)
at org.testng.TestRunner.run(TestRunner.java:505)
at org.testng.SuiteRunner.runTest(SuiteRunner.java:455)
at org.testng.SuiteRunner.runSequentially(SuiteRunner.java:450)
at org.testng.SuiteRunner.privateRun(SuiteRunner.java:415)
at org.testng.SuiteRunner.run(SuiteRunner.java:364)
at org.testng.SuiteRunnerWorker.runSuite(SuiteRunnerWorker.java:52)
at org.testng.SuiteRunnerWorker.run(SuiteRunnerWorker.java:84)
at org.testng.TestNG.runSuitesSequentially(TestNG.java:1208)
at org.testng.TestNG.runSuitesLocally(TestNG.java:1137)
at org.testng.TestNG.runSuites(TestNG.java:1049)
at org.testng.TestNG.run(TestNG.java:1017)
at org.testng.remote.AbstractRemoteTestNG.run(AbstractRemoteTestNG.java:114)
at org.testng.remote.RemoteTestNG.initAndRun(RemoteTestNG.java:251)
at org.testng.remote.RemoteTestNG.main(RemoteTestNG.java:77)
]]>
            </full-stacktrace>
          </exception> <!-- java.lang.NullPointerException -->
          <reporter-output>
          </reporter-output>
        </test-method> <!-- getBasicUserInfoTest -->
      </class> <!-- org.mmt.tests.VoucherTests -->
    </test> <!-- Test -->
  </suite> <!-- Suite -->
</testng-results>
