<?xml version="1.0" encoding="UTF-8"?>
<!-- Generated by org.testng.reporters.JUnitXMLReporter -->
<testsuite hostname="MMT-LPT-7543" ignored="0" name="Test" tests="1" failures="1" timestamp="22 Oct 2018 12:22:10 GMT" time="3.579" errors="0">
  <testcase name="getBasicUserInfoTest" time="3.544" classname="org.mmt.tests.VoucherTests">
    <failure type="java.lang.NullPointerException">
      <![CDATA[java.lang.NullPointerException
at org.mmt.utils.GeneralUtils.executeSql(GeneralUtils.java:55)
at org.mmt.tests.VoucherTests.getBasicUserInfoTest(VoucherTests.java:37)
... Removed 25 stack frames]]>
    </failure>
  </testcase> <!-- getBasicUserInfoTest -->
</testsuite> <!-- Test -->
